2026-01-16 15:54:18,072 - INFO - outputs shape: torch.Size([2, 10]), dtype: torch.float32
2026-01-16 15:54:18,072 - INFO - labels shape: torch.Size([2]), dtype: torch.int64
2026-01-16 15:54:18,177 - INFO - Shape of input_embedding_grad: torch.Size([1, 197, 192])
2026-01-16 15:54:18,190 - INFO - Range of input_embedding_grad: min=-0.0006, max=0.0005
2026-01-16 15:54:18,190 - INFO - 
--- APRIL Algorithm ---
2026-01-16 15:54:18,195 - INFO - q_weights range: min=-0.0722, max=0.0722
2026-01-16 15:54:18,196 - INFO - k_weights range: min=-0.0722, max=0.0722
2026-01-16 15:54:18,196 - INFO - v_weights range: min=-0.0722, max=0.0722
2026-01-16 15:54:18,197 - INFO - dldq range: min=-0.0091, max=0.0062
2026-01-16 15:54:18,198 - INFO - dldk range: min=-0.0098, max=0.0078
2026-01-16 15:54:18,198 - INFO - dldv range: min=-0.1824, max=0.1415
2026-01-16 15:54:18,199 - INFO - dldz range: min=-0.0006, max=0.0005
2026-01-16 15:54:18,202 - INFO - shape of A: torch.Size([192, 192]), range: min=-0.0032, max=0.0041
2026-01-16 15:54:18,203 - INFO - shape of B: torch.Size([192, 192]), range: min=-0.0038, max=0.0041
2026-01-16 15:54:18,203 - INFO - shape of C: torch.Size([192, 192]), range: min=-0.0818, max=0.0670
2026-01-16 15:54:18,203 - INFO - shape of RHS sum: torch.Size([192, 192])
2026-01-16 15:54:18,204 - INFO - RHS sum range: min=-0.0824, max=0.0664
2026-01-16 15:54:18,224 - INFO - Shape of pseudo-inverse of A: torch.Size([192, 197])
2026-01-16 15:54:18,228 - INFO - A_pinv range: min=-110577.9766, max=77634.3750
2026-01-16 15:54:18,230 - INFO - Shape of reconstructed z: torch.Size([197, 192])
2026-01-16 15:54:18,234 - INFO - z_reconstructed range: min=-8100.1538, max=8445.2949
2026-01-16 15:54:18,234 - INFO - 
--- Patch Embedding Reconstruction Results ---
2026-01-16 15:54:18,234 - INFO - Original embedding shape: torch.Size([2, 197, 192])
2026-01-16 15:54:18,234 - INFO - Reconstructed embedding shape: torch.Size([1, 197, 192])
2026-01-16 15:54:18,240 - INFO - Reconstruction error: 238020.9375
2026-01-16 15:54:18,240 - INFO - 
--- Embedding Visualization ---
2026-01-16 15:54:18,243 - INFO - Original embedding norm shape: (196,)
2026-01-16 15:54:18,243 - INFO - Reconstructed embedding norm shape: (196,)
2026-01-16 15:54:18,442 - INFO - Saved embedding visualization to embedding_visualization.png
2026-01-16 15:54:18,442 - INFO - 
--- Image Patch Reconstruction ---
2026-01-16 15:54:18,442 - INFO - Shape of positional embedding: torch.Size([1, 197, 192])
2026-01-16 15:54:18,443 - INFO - Range of positional embedding: min=-0.0784, max=0.0832
2026-01-16 15:54:18,444 - INFO - Shape of patch embeddings (z_patch): torch.Size([2, 196, 192])
2026-01-16 15:54:18,454 - INFO - Range of patch embeddings (z_patch): min=-2.7460, max=4.3653
2026-01-16 15:54:18,472 - INFO - Shape of pseudo-inverse of projection matrix: torch.Size([192, 768])
2026-01-16 15:54:18,476 - INFO - Shape of flattened reconstructed patches: torch.Size([2, 196, 768])
2026-01-16 15:54:18,481 - INFO - 
Reconstruction error for the first patch: 13.375570297241211
2026-01-16 15:54:18,481 - INFO - Shape of original patch: torch.Size([3, 16, 16])
2026-01-16 15:54:18,481 - INFO - Shape of reconstructed patch: torch.Size([3, 16, 16])
2026-01-16 15:54:18,481 - INFO - 
--- Full Image Reconstruction Visualization ---
